<?xml version="1.0" encoding="UTF-8"?>
<!-- Generated by org.testng.reporters.JUnitReportReporter -->
<testsuite hostname="INBOOK_Y1_PLUS" failures="0" tests="1" name="com.makemytrip.steprunner.Runner" time="8.813" errors="0" timestamp="2024-01-02T08:31:56 IST" skipped="0">
  <testcase classname="com.makemytrip.steprunner.Runner" name="runScenario" time="8.813"/>
  <system-out/>
</testsuite> <!-- com.makemytrip.steprunner.Runner -->
